
[43m[30mâ€‰WARNâ€‰[39m[49m Issue while reading "/Users/bradymckenna/Aqua_Prime/.npmrc". Failed to replace env in config: ${GITHUB_TOKEN}

> @ai16z/eliza@0.1.6-alpha.4 build /Users/bradymckenna/Aqua_Prime/packages/core
> tsup --format esm --dts

[34mCLI[39m Building entry: src/index.ts
[34mCLI[39m Using tsconfig: tsconfig.json
[34mCLI[39m tsup v8.3.5
[34mCLI[39m Using tsup config: /Users/bradymckenna/Aqua_Prime/packages/core/tsup.config.ts
[34mCLI[39m Target: esnext
[34mCLI[39m Cleaning output folder
[34mESM[39m Build start
[31mâœ˜ [41;31m[[41;97mERROR[41;31m][0m [1mCould not resolve "./defaultCharacter.ts"[0m

    src/index.ts:6:14:
[37m      6 â”‚ export * from [32m"./defaultCharacter.ts"[37m;
        â•µ               [32m~~~~~~~~~~~~~~~~~~~~~~~[0m

[31mâœ˜ [41;31m[[41;97mERROR[41;31m][0m [1mCould not resolve "./defaultCharacter.ts"[0m

    src/runtime.ts:9:33:
[37m      9 â”‚ import { defaultCharacter } from [32m"./defaultCharacter.ts"[37m;
        â•µ                                  [32m~~~~~~~~~~~~~~~~~~~~~~~[0m

[31mESM[39m [31mBuild failed[39m
[31mError: Build failed with 2 errors:
src/index.ts:6:14: ERROR: Could not resolve "./defaultCharacter.ts"
src/runtime.ts:9:33: ERROR: Could not resolve "./defaultCharacter.ts"
    at failureErrorWithLog (/Users/bradymckenna/Aqua_Prime/node_modules/.pnpm/esbuild@0.24.0/node_modules/esbuild/lib/main.js:1476:15)
    at /Users/bradymckenna/Aqua_Prime/node_modules/.pnpm/esbuild@0.24.0/node_modules/esbuild/lib/main.js:945:25
    at runOnEndCallbacks (/Users/bradymckenna/Aqua_Prime/node_modules/.pnpm/esbuild@0.24.0/node_modules/esbuild/lib/main.js:1316:45)
    at buildResponseToResult (/Users/bradymckenna/Aqua_Prime/node_modules/.pnpm/esbuild@0.24.0/node_modules/esbuild/lib/main.js:943:7)
    at /Users/bradymckenna/Aqua_Prime/node_modules/.pnpm/esbuild@0.24.0/node_modules/esbuild/lib/main.js:970:16
    at responseCallbacks.<computed> (/Users/bradymckenna/Aqua_Prime/node_modules/.pnpm/esbuild@0.24.0/node_modules/esbuild/lib/main.js:622:9)
    at handleIncomingPacket (/Users/bradymckenna/Aqua_Prime/node_modules/.pnpm/esbuild@0.24.0/node_modules/esbuild/lib/main.js:677:12)
    at Socket.readFromStdout (/Users/bradymckenna/Aqua_Prime/node_modules/.pnpm/esbuild@0.24.0/node_modules/esbuild/lib/main.js:600:7)
    at Socket.emit (node:events:513:28)
    at addChunk (node:internal/streams/readable:559:12)[39m
DTS Build start
src/index.ts(6,15): error TS2307: Cannot find module './defaultCharacter.ts' or its corresponding type declarations.

DTS Build error
[41m[30mâ€‰ELIFECYCLEâ€‰[39m[49m [31mCommand failed with exit code 1.[39m
